[27-Jun-2020 20:52:33 Asia/Tokyo] デバッグ：「「「「「「「「「「「「「「「「「「「「「「
[27-Jun-2020 20:52:33 Asia/Tokyo] デバッグ：「　ログイン　
[27-Jun-2020 20:52:33 Asia/Tokyo] デバッグ：「「「「「「「「「「「「「「「「「「「「「「
[27-Jun-2020 20:52:33 Asia/Tokyo] デバッグ：>>>>>>>>>>>>>>>>>>>>>>>>>>>>>>>>>>>>>>>>>>>>>>>>> 画面処理開始
[27-Jun-2020 20:52:33 Asia/Tokyo] デバッグ：セッションID:jndgpg0llrepcpo145h18htk3t
[27-Jun-2020 20:52:33 Asia/Tokyo] デバッグ：セッション変数の中身：Array
(
)

[27-Jun-2020 20:52:33 Asia/Tokyo] デバッグ：現在日時タイムスタンプ：1593258753
[27-Jun-2020 20:52:33 Asia/Tokyo] PHP Warning:  require(auth.php): failed to open stream: No such file or directory in /Applications/MAMP/htdocs/php_question/login.php on line 10
[27-Jun-2020 20:52:33 Asia/Tokyo] PHP Fatal error:  require(): Failed opening required 'auth.php' (include_path='.:/Applications/MAMP/bin/php/php7.4.2/lib/php') in /Applications/MAMP/htdocs/php_question/login.php on line 10
[27-Jun-2020 21:04:50 Asia/Tokyo] デバッグ：「「「「「「「「「「「「「「「「「「「「「「
[27-Jun-2020 21:04:50 Asia/Tokyo] デバッグ：「　ログイン　
[27-Jun-2020 21:04:50 Asia/Tokyo] デバッグ：「「「「「「「「「「「「「「「「「「「「「「
[27-Jun-2020 21:04:50 Asia/Tokyo] デバッグ：>>>>>>>>>>>>>>>>>>>>>>>>>>>>>>>>>>>>>>>>>>>>>>>>> 画面処理開始
[27-Jun-2020 21:04:50 Asia/Tokyo] デバッグ：セッションID:l90p4i6e2u45i65m11276jb3nf
[27-Jun-2020 21:04:50 Asia/Tokyo] デバッグ：セッション変数の中身：Array
(
)

[27-Jun-2020 21:04:50 Asia/Tokyo] デバッグ：現在日時タイムスタンプ：1593259490
[27-Jun-2020 21:04:50 Asia/Tokyo] デバッグ：未ログインユーザ
[27-Jun-2020 21:04:50 Asia/Tokyo] PHP Fatal error:  Uncaught Error: Function name must be a string in /Applications/MAMP/htdocs/php_question/auth.php:21
Stack trace:
#0 /Applications/MAMP/htdocs/php_question/login.php(10): require()
#1 {main}
  thrown in /Applications/MAMP/htdocs/php_question/auth.php on line 21
[27-Jun-2020 21:06:33 Asia/Tokyo] デバッグ：「「「「「「「「「「「「「「「「「「「「「「
[27-Jun-2020 21:06:33 Asia/Tokyo] デバッグ：「　ログイン　
[27-Jun-2020 21:06:33 Asia/Tokyo] デバッグ：「「「「「「「「「「「「「「「「「「「「「「
[27-Jun-2020 21:06:33 Asia/Tokyo] デバッグ：>>>>>>>>>>>>>>>>>>>>>>>>>>>>>>>>>>>>>>>>>>>>>>>>> 画面処理開始
[27-Jun-2020 21:06:33 Asia/Tokyo] デバッグ：セッションID:dmj1giajuf8c6309hnv0miua0u
[27-Jun-2020 21:06:33 Asia/Tokyo] デバッグ：セッション変数の中身：Array
(
)

[27-Jun-2020 21:06:33 Asia/Tokyo] デバッグ：現在日時タイムスタンプ：1593259593
[27-Jun-2020 21:06:33 Asia/Tokyo] デバッグ：未ログインユーザ
[27-Jun-2020 21:06:33 Asia/Tokyo] デバッグ：画面表示処理終了　<<<<<<<<<<<<<<<<<<<<<<<<<<<<<<<<<<<<<<<<<<<<<<<<<<<<<<<<<<<<<<<<<<<
[27-Jun-2020 21:09:55 Asia/Tokyo] デバッグ：「「「「「「「「「「「「「「「「「「「「「「
[27-Jun-2020 21:09:55 Asia/Tokyo] デバッグ：「　ログイン　
[27-Jun-2020 21:09:55 Asia/Tokyo] デバッグ：「「「「「「「「「「「「「「「「「「「「「「
[27-Jun-2020 21:09:55 Asia/Tokyo] デバッグ：>>>>>>>>>>>>>>>>>>>>>>>>>>>>>>>>>>>>>>>>>>>>>>>>> 画面処理開始
[27-Jun-2020 21:09:55 Asia/Tokyo] デバッグ：セッションID:eonkcbv7n6487te8bb5u7ga1eq
[27-Jun-2020 21:09:55 Asia/Tokyo] デバッグ：セッション変数の中身：Array
(
)

[27-Jun-2020 21:09:55 Asia/Tokyo] デバッグ：現在日時タイムスタンプ：1593259795
[27-Jun-2020 21:09:55 Asia/Tokyo] デバッグ：未ログインユーザ
[27-Jun-2020 21:09:55 Asia/Tokyo] デバッグ：画面表示処理終了　<<<<<<<<<<<<<<<<<<<<<<<<<<<<<<<<<<<<<<<<<<<<<<<<<<<<<<<<<<<<<<<<<<<
[27-Jun-2020 21:41:35 Asia/Tokyo] デバッグ：「「「「「「「「「「「「「「「「「「「「「「
[27-Jun-2020 21:41:35 Asia/Tokyo] デバッグ：「　ログイン　
[27-Jun-2020 21:41:35 Asia/Tokyo] デバッグ：「「「「「「「「「「「「「「「「「「「「「「
[27-Jun-2020 21:41:35 Asia/Tokyo] デバッグ：>>>>>>>>>>>>>>>>>>>>>>>>>>>>>>>>>>>>>>>>>>>>>>>>> 画面処理開始
[27-Jun-2020 21:41:35 Asia/Tokyo] デバッグ：セッションID:cte80a63sdho3kkhdp6snneihn
[27-Jun-2020 21:41:35 Asia/Tokyo] デバッグ：セッション変数の中身：Array
(
)

[27-Jun-2020 21:41:35 Asia/Tokyo] デバッグ：現在日時タイムスタンプ：1593261695
[27-Jun-2020 21:41:35 Asia/Tokyo] デバッグ：未ログインユーザ
[27-Jun-2020 21:41:35 Asia/Tokyo] デバッグ：画面表示処理終了　<<<<<<<<<<<<<<<<<<<<<<<<<<<<<<<<<<<<<<<<<<<<<<<<<<<<<<<<<<<<<<<<<<<
[27-Jun-2020 21:42:31 Asia/Tokyo] デバッグ：「「「「「「「「「「「「「「「「「「「「「「
[27-Jun-2020 21:42:31 Asia/Tokyo] デバッグ：「　ログイン　
[27-Jun-2020 21:42:31 Asia/Tokyo] デバッグ：「「「「「「「「「「「「「「「「「「「「「「
[27-Jun-2020 21:42:31 Asia/Tokyo] デバッグ：>>>>>>>>>>>>>>>>>>>>>>>>>>>>>>>>>>>>>>>>>>>>>>>>> 画面処理開始
[27-Jun-2020 21:42:31 Asia/Tokyo] デバッグ：セッションID:comdcs22a8b52luvbrv5ckgcre
[27-Jun-2020 21:42:31 Asia/Tokyo] デバッグ：セッション変数の中身：Array
(
)

[27-Jun-2020 21:42:31 Asia/Tokyo] デバッグ：現在日時タイムスタンプ：1593261751
[27-Jun-2020 21:42:31 Asia/Tokyo] デバッグ：未ログインユーザ
[27-Jun-2020 21:42:31 Asia/Tokyo] デバッグ：画面表示処理終了　<<<<<<<<<<<<<<<<<<<<<<<<<<<<<<<<<<<<<<<<<<<<<<<<<<<<<<<<<<<<<<<<<<<
[27-Jun-2020 22:10:04 Asia/Tokyo] デバッグ：「「「「「「「「「「「「「「「「「「「「「「「「「「「「「「「「「「「「「「
[27-Jun-2020 22:10:04 Asia/Tokyo] デバッグ：「　新規登録ページ　
[27-Jun-2020 22:10:04 Asia/Tokyo] デバッグ：「「「「「「「「「「「「「「「「「「「「「「「「「「「「「「「「「「「「「「
[27-Jun-2020 22:10:04 Asia/Tokyo] デバッグ：>>>>>>>>>>>>>>>>>>>>>>>>>>>>>>>>>>>>>>>>>>>>>>>>> 画面処理開始
[27-Jun-2020 22:10:04 Asia/Tokyo] デバッグ：セッションID:3qa0o0bjpuphr5gbo2snlg568e
[27-Jun-2020 22:10:04 Asia/Tokyo] デバッグ：セッション変数の中身：Array
(
)

[27-Jun-2020 22:10:04 Asia/Tokyo] デバッグ：現在日時タイムスタンプ：1593263404
[27-Jun-2020 22:10:19 Asia/Tokyo] デバッグ：「「「「「「「「「「「「「「「「「「「「「「「「「「「「「「「「「「「「「「
[27-Jun-2020 22:10:19 Asia/Tokyo] デバッグ：「　新規登録ページ　
[27-Jun-2020 22:10:19 Asia/Tokyo] デバッグ：「「「「「「「「「「「「「「「「「「「「「「「「「「「「「「「「「「「「「「
[27-Jun-2020 22:10:19 Asia/Tokyo] デバッグ：>>>>>>>>>>>>>>>>>>>>>>>>>>>>>>>>>>>>>>>>>>>>>>>>> 画面処理開始
[27-Jun-2020 22:10:19 Asia/Tokyo] デバッグ：セッションID:7fdcudvs05vpb0r99oikl02t83
[27-Jun-2020 22:10:19 Asia/Tokyo] デバッグ：セッション変数の中身：Array
(
)

[27-Jun-2020 22:10:19 Asia/Tokyo] デバッグ：現在日時タイムスタンプ：1593263419
[27-Jun-2020 22:10:19 Asia/Tokyo] デバッグ：クエリ成功。
[27-Jun-2020 22:10:19 Asia/Tokyo] デバッグ：クエリに失敗しました
[27-Jun-2020 22:10:19 Asia/Tokyo] デバッグ：失敗したSQL:PDOStatement Object
(
    [queryString] => INSERT INTO users (email,password,login_time,create_date) VALUES(:email,:pass,:login_time,:create_date)
)

[27-Jun-2020 22:13:08 Asia/Tokyo] デバッグ：「「「「「「「「「「「「「「「「「「「「「「「「「「「「「「「「「「「「「「
[27-Jun-2020 22:13:08 Asia/Tokyo] デバッグ：「　新規登録ページ　
[27-Jun-2020 22:13:08 Asia/Tokyo] デバッグ：「「「「「「「「「「「「「「「「「「「「「「「「「「「「「「「「「「「「「「
[27-Jun-2020 22:13:08 Asia/Tokyo] デバッグ：>>>>>>>>>>>>>>>>>>>>>>>>>>>>>>>>>>>>>>>>>>>>>>>>> 画面処理開始
[27-Jun-2020 22:13:08 Asia/Tokyo] デバッグ：セッションID:mdgeqss79p8vjfpna1vvu9keqr
[27-Jun-2020 22:13:08 Asia/Tokyo] デバッグ：セッション変数の中身：Array
(
)

[27-Jun-2020 22:13:08 Asia/Tokyo] デバッグ：現在日時タイムスタンプ：1593263588
[27-Jun-2020 22:13:08 Asia/Tokyo] デバッグ：クエリ成功。
[27-Jun-2020 22:13:08 Asia/Tokyo] デバッグ：クエリに失敗しました
[27-Jun-2020 22:13:08 Asia/Tokyo] デバッグ：失敗したSQL:PDOStatement Object
(
    [queryString] => INSERT INTO users (email,password,login_time,create_date) VALUES(:email,:pass,:login_time,:create_date)
)

[27-Jun-2020 22:13:10 Asia/Tokyo] デバッグ：「「「「「「「「「「「「「「「「「「「「「「「「「「「「「「「「「「「「「「
[27-Jun-2020 22:13:10 Asia/Tokyo] デバッグ：「　新規登録ページ　
[27-Jun-2020 22:13:10 Asia/Tokyo] デバッグ：「「「「「「「「「「「「「「「「「「「「「「「「「「「「「「「「「「「「「「
[27-Jun-2020 22:13:10 Asia/Tokyo] デバッグ：>>>>>>>>>>>>>>>>>>>>>>>>>>>>>>>>>>>>>>>>>>>>>>>>> 画面処理開始
[27-Jun-2020 22:13:10 Asia/Tokyo] デバッグ：セッションID:tml5ei6n7216c8s3l780afcnvs
[27-Jun-2020 22:13:10 Asia/Tokyo] デバッグ：セッション変数の中身：Array
(
)

[27-Jun-2020 22:13:10 Asia/Tokyo] デバッグ：現在日時タイムスタンプ：1593263590
[27-Jun-2020 22:13:10 Asia/Tokyo] デバッグ：クエリ成功。
[27-Jun-2020 22:13:10 Asia/Tokyo] デバッグ：クエリに失敗しました
[27-Jun-2020 22:13:10 Asia/Tokyo] デバッグ：失敗したSQL:PDOStatement Object
(
    [queryString] => INSERT INTO users (email,password,login_time,create_date) VALUES(:email,:pass,:login_time,:create_date)
)

[27-Jun-2020 22:16:12 Asia/Tokyo] デバッグ：「「「「「「「「「「「「「「「「「「「「「「「「「「「「「「「「「「「「「「
[27-Jun-2020 22:16:12 Asia/Tokyo] デバッグ：「　新規登録ページ　
[27-Jun-2020 22:16:12 Asia/Tokyo] デバッグ：「「「「「「「「「「「「「「「「「「「「「「「「「「「「「「「「「「「「「「
[27-Jun-2020 22:16:12 Asia/Tokyo] デバッグ：>>>>>>>>>>>>>>>>>>>>>>>>>>>>>>>>>>>>>>>>>>>>>>>>> 画面処理開始
[27-Jun-2020 22:16:12 Asia/Tokyo] デバッグ：セッションID:si5bl0be3cum6hjdc99q29qkqp
[27-Jun-2020 22:16:12 Asia/Tokyo] デバッグ：セッション変数の中身：Array
(
)

[27-Jun-2020 22:16:12 Asia/Tokyo] デバッグ：現在日時タイムスタンプ：1593263772
[27-Jun-2020 22:16:12 Asia/Tokyo] デバッグ：クエリ成功。
[27-Jun-2020 22:16:39 Asia/Tokyo] デバッグ：「「「「「「「「「「「「「「「「「「「「「「「「「「「「「「「「「「「「「「
[27-Jun-2020 22:16:39 Asia/Tokyo] デバッグ：「　新規登録ページ　
[27-Jun-2020 22:16:39 Asia/Tokyo] デバッグ：「「「「「「「「「「「「「「「「「「「「「「「「「「「「「「「「「「「「「「
[27-Jun-2020 22:16:39 Asia/Tokyo] デバッグ：>>>>>>>>>>>>>>>>>>>>>>>>>>>>>>>>>>>>>>>>>>>>>>>>> 画面処理開始
[27-Jun-2020 22:16:39 Asia/Tokyo] デバッグ：セッションID:q3jfos47n7etkh81buj97loli2
[27-Jun-2020 22:16:39 Asia/Tokyo] デバッグ：セッション変数の中身：Array
(
)

[27-Jun-2020 22:16:39 Asia/Tokyo] デバッグ：現在日時タイムスタンプ：1593263799
[27-Jun-2020 22:16:39 Asia/Tokyo] デバッグ：クエリ成功。
[27-Jun-2020 22:16:44 Asia/Tokyo] デバッグ：「「「「「「「「「「「「「「「「「「「「「「「「「「「「「「「「「「「「「「
[27-Jun-2020 22:16:44 Asia/Tokyo] デバッグ：「　新規登録ページ　
[27-Jun-2020 22:16:44 Asia/Tokyo] デバッグ：「「「「「「「「「「「「「「「「「「「「「「「「「「「「「「「「「「「「「「
[27-Jun-2020 22:16:44 Asia/Tokyo] デバッグ：>>>>>>>>>>>>>>>>>>>>>>>>>>>>>>>>>>>>>>>>>>>>>>>>> 画面処理開始
[27-Jun-2020 22:16:44 Asia/Tokyo] デバッグ：セッションID:7p0htifpphs7cckjsaplph0mpm
[27-Jun-2020 22:16:44 Asia/Tokyo] デバッグ：セッション変数の中身：Array
(
)

[27-Jun-2020 22:16:44 Asia/Tokyo] デバッグ：現在日時タイムスタンプ：1593263804
[27-Jun-2020 22:16:44 Asia/Tokyo] デバッグ：クエリ成功。
[27-Jun-2020 22:16:45 Asia/Tokyo] デバッグ：クエリに失敗しました
[27-Jun-2020 22:16:45 Asia/Tokyo] デバッグ：失敗したSQL:PDOStatement Object
(
    [queryString] => INSERT INTO users (email,password,login_time,create_date) VALUES(:email,:pass,:login_time,:create_date)
)

[27-Jun-2020 22:20:04 Asia/Tokyo] デバッグ：「「「「「「「「「「「「「「「「「「「「「「「「「「「「「「「「「「「「「「
[27-Jun-2020 22:20:04 Asia/Tokyo] デバッグ：「　新規登録ページ　
[27-Jun-2020 22:20:04 Asia/Tokyo] デバッグ：「「「「「「「「「「「「「「「「「「「「「「「「「「「「「「「「「「「「「「
[27-Jun-2020 22:20:04 Asia/Tokyo] デバッグ：>>>>>>>>>>>>>>>>>>>>>>>>>>>>>>>>>>>>>>>>>>>>>>>>> 画面処理開始
[27-Jun-2020 22:20:04 Asia/Tokyo] デバッグ：セッションID:kbc1ov84l6ke21u2cg1shqormj
[27-Jun-2020 22:20:04 Asia/Tokyo] デバッグ：セッション変数の中身：Array
(
)

[27-Jun-2020 22:20:04 Asia/Tokyo] デバッグ：現在日時タイムスタンプ：1593264004
[27-Jun-2020 22:20:04 Asia/Tokyo] デバッグ：クエリ成功。
[27-Jun-2020 22:20:04 Asia/Tokyo] デバッグ：クエリに失敗しました
[27-Jun-2020 22:20:04 Asia/Tokyo] デバッグ：失敗したSQL:PDOStatement Object
(
    [queryString] => INSERT INTO users (email,password,login_time,create_date) VALUES(:email,:pass,:login_time,:create_date)
)

[27-Jun-2020 22:20:06 Asia/Tokyo] デバッグ：「「「「「「「「「「「「「「「「「「「「「「「「「「「「「「「「「「「「「「
[27-Jun-2020 22:20:06 Asia/Tokyo] デバッグ：「　新規登録ページ　
[27-Jun-2020 22:20:06 Asia/Tokyo] デバッグ：「「「「「「「「「「「「「「「「「「「「「「「「「「「「「「「「「「「「「「
[27-Jun-2020 22:20:06 Asia/Tokyo] デバッグ：>>>>>>>>>>>>>>>>>>>>>>>>>>>>>>>>>>>>>>>>>>>>>>>>> 画面処理開始
[27-Jun-2020 22:20:06 Asia/Tokyo] デバッグ：セッションID:pj5rluon5k0f42dh3q90fa1e2u
[27-Jun-2020 22:20:06 Asia/Tokyo] デバッグ：セッション変数の中身：Array
(
)

[27-Jun-2020 22:20:06 Asia/Tokyo] デバッグ：現在日時タイムスタンプ：1593264006
[27-Jun-2020 22:20:06 Asia/Tokyo] デバッグ：クエリ成功。
[27-Jun-2020 22:20:06 Asia/Tokyo] デバッグ：クエリに失敗しました
[27-Jun-2020 22:20:06 Asia/Tokyo] デバッグ：失敗したSQL:PDOStatement Object
(
    [queryString] => INSERT INTO users (email,password,login_time,create_date) VALUES(:email,:pass,:login_time,:create_date)
)

[27-Jun-2020 22:22:23 Asia/Tokyo] デバッグ：「「「「「「「「「「「「「「「「「「「「「「「「「「「「「「「「「「「「「「「「
[27-Jun-2020 22:22:23 Asia/Tokyo] デバッグ：「　ユーザー登録ページ　
[27-Jun-2020 22:22:23 Asia/Tokyo] デバッグ：「「「「「「「「「「「「「「「「「「「「「「「「「「「「「「「「「「「「「「「「
[27-Jun-2020 22:22:23 Asia/Tokyo] デバッグ：>>>>>>>>>>>>>>>>>>>>>>>>>>>>>>>>>>>>>>>>>>>>>>>>> 画面処理開始
[27-Jun-2020 22:22:23 Asia/Tokyo] デバッグ：セッションID:fs13klj0ua6i84nvnmi2ql32mp
[27-Jun-2020 22:22:23 Asia/Tokyo] デバッグ：セッション変数の中身：Array
(
)

[27-Jun-2020 22:22:23 Asia/Tokyo] デバッグ：現在日時タイムスタンプ：1593264143
[27-Jun-2020 22:22:23 Asia/Tokyo] デバッグ：クエリ成功。
[27-Jun-2020 22:22:23 Asia/Tokyo] デバッグ：クエリに失敗しました
[27-Jun-2020 22:22:23 Asia/Tokyo] デバッグ：失敗したSQL:PDOStatement Object
(
    [queryString] => INSERT INTO users (email,password,login_time,create_date) VALUES(:email,:pass,:login_time,:create_date)
)

[27-Jun-2020 22:22:26 Asia/Tokyo] デバッグ：「「「「「「「「「「「「「「「「「「「「「「「「「「「「「「「「「「「「「「「「
[27-Jun-2020 22:22:26 Asia/Tokyo] デバッグ：「　ユーザー登録ページ　
[27-Jun-2020 22:22:26 Asia/Tokyo] デバッグ：「「「「「「「「「「「「「「「「「「「「「「「「「「「「「「「「「「「「「「「「
[27-Jun-2020 22:22:26 Asia/Tokyo] デバッグ：>>>>>>>>>>>>>>>>>>>>>>>>>>>>>>>>>>>>>>>>>>>>>>>>> 画面処理開始
[27-Jun-2020 22:22:26 Asia/Tokyo] デバッグ：セッションID:5kfl09uqm7qsdpo3t7ujvi05e8
[27-Jun-2020 22:22:26 Asia/Tokyo] デバッグ：セッション変数の中身：Array
(
)

[27-Jun-2020 22:22:26 Asia/Tokyo] デバッグ：現在日時タイムスタンプ：1593264146
[27-Jun-2020 22:22:26 Asia/Tokyo] デバッグ：クエリ成功。
[27-Jun-2020 22:22:26 Asia/Tokyo] デバッグ：クエリに失敗しました
[27-Jun-2020 22:22:26 Asia/Tokyo] デバッグ：失敗したSQL:PDOStatement Object
(
    [queryString] => INSERT INTO users (email,password,login_time,create_date) VALUES(:email,:pass,:login_time,:create_date)
)

[27-Jun-2020 22:25:08 Asia/Tokyo] デバッグ：「「「「「「「「「「「「「「「「「「「「「「「「「「「「「「「「「「「「「「
[27-Jun-2020 22:25:08 Asia/Tokyo] デバッグ：「　新規登録ページ　
[27-Jun-2020 22:25:08 Asia/Tokyo] デバッグ：「「「「「「「「「「「「「「「「「「「「「「「「「「「「「「「「「「「「「「
[27-Jun-2020 22:25:08 Asia/Tokyo] デバッグ：>>>>>>>>>>>>>>>>>>>>>>>>>>>>>>>>>>>>>>>>>>>>>>>>> 画面処理開始
[27-Jun-2020 22:25:08 Asia/Tokyo] デバッグ：セッションID:h1vgs07ef7o90f0cm485vb1q28
[27-Jun-2020 22:25:08 Asia/Tokyo] デバッグ：セッション変数の中身：Array
(
)

[27-Jun-2020 22:25:08 Asia/Tokyo] デバッグ：現在日時タイムスタンプ：1593264308
[27-Jun-2020 22:25:08 Asia/Tokyo] デバッグ：クエリ成功。
[27-Jun-2020 22:25:13 Asia/Tokyo] デバッグ：「「「「「「「「「「「「「「「「「「「「「「「「「「「「「「「「「「「「「「
[27-Jun-2020 22:25:13 Asia/Tokyo] デバッグ：「　新規登録ページ　
[27-Jun-2020 22:25:13 Asia/Tokyo] デバッグ：「「「「「「「「「「「「「「「「「「「「「「「「「「「「「「「「「「「「「「
[27-Jun-2020 22:25:13 Asia/Tokyo] デバッグ：>>>>>>>>>>>>>>>>>>>>>>>>>>>>>>>>>>>>>>>>>>>>>>>>> 画面処理開始
[27-Jun-2020 22:25:13 Asia/Tokyo] デバッグ：セッションID:88f8boikeei2mqkoihgsah20f6
[27-Jun-2020 22:25:13 Asia/Tokyo] デバッグ：セッション変数の中身：Array
(
)

[27-Jun-2020 22:25:13 Asia/Tokyo] デバッグ：現在日時タイムスタンプ：1593264313
[27-Jun-2020 22:25:13 Asia/Tokyo] デバッグ：クエリ成功。
[27-Jun-2020 22:25:13 Asia/Tokyo] デバッグ：クエリ成功。
[27-Jun-2020 22:25:13 Asia/Tokyo] デバッグ：セッション変数の中身：Array
(
    [login_date] => 1593264313
    [login_limit] => 3600
    [user_id] => 10
)

[27-Jun-2020 22:25:13 Asia/Tokyo] デバッグ：「「「「「「「「「「「「「「「「「「「「「「
[27-Jun-2020 22:25:13 Asia/Tokyo] デバッグ：「　ログイン　
[27-Jun-2020 22:25:13 Asia/Tokyo] デバッグ：「「「「「「「「「「「「「「「「「「「「「「
[27-Jun-2020 22:25:13 Asia/Tokyo] デバッグ：>>>>>>>>>>>>>>>>>>>>>>>>>>>>>>>>>>>>>>>>>>>>>>>>> 画面処理開始
[27-Jun-2020 22:25:13 Asia/Tokyo] デバッグ：セッションID:j260s84d9c9jbvesi24dlsuf4e
[27-Jun-2020 22:25:13 Asia/Tokyo] デバッグ：セッション変数の中身：Array
(
    [login_date] => 1593264313
    [login_limit] => 3600
    [user_id] => 10
)

[27-Jun-2020 22:25:13 Asia/Tokyo] デバッグ：現在日時タイムスタンプ：1593264313
[27-Jun-2020 22:25:13 Asia/Tokyo] デバッグ：ログイン期限日時タイムスタンプ：1593267913
[27-Jun-2020 22:25:13 Asia/Tokyo] デバッグ：ログイン済みです
[27-Jun-2020 22:25:13 Asia/Tokyo] デバッグ：ログイン有効期限以内
[27-Jun-2020 22:25:13 Asia/Tokyo] デバッグ：マイページへ遷移
[27-Jun-2020 22:25:13 Asia/Tokyo] デバッグ：画面表示処理終了　<<<<<<<<<<<<<<<<<<<<<<<<<<<<<<<<<<<<<<<<<<<<<<<<<<<<<<<<<<<<<<<<<<<
[27-Jun-2020 22:26:19 Asia/Tokyo] デバッグ：「「「「「「「「「「「「「「「「「「「「「「「「「「「「「「「「「「「「「「
[27-Jun-2020 22:26:19 Asia/Tokyo] デバッグ：「　新規登録ページ　
[27-Jun-2020 22:26:19 Asia/Tokyo] デバッグ：「「「「「「「「「「「「「「「「「「「「「「「「「「「「「「「「「「「「「「
[27-Jun-2020 22:26:19 Asia/Tokyo] デバッグ：>>>>>>>>>>>>>>>>>>>>>>>>>>>>>>>>>>>>>>>>>>>>>>>>> 画面処理開始
[27-Jun-2020 22:26:19 Asia/Tokyo] デバッグ：セッションID:mvds5vf3hl4r6riqurrmmduicr
[27-Jun-2020 22:26:19 Asia/Tokyo] デバッグ：セッション変数の中身：Array
(
    [login_date] => 1593264313
    [login_limit] => 3600
    [user_id] => 10
)

[27-Jun-2020 22:26:19 Asia/Tokyo] デバッグ：現在日時タイムスタンプ：1593264379
[27-Jun-2020 22:26:19 Asia/Tokyo] デバッグ：ログイン期限日時タイムスタンプ：1593267913
[27-Jun-2020 22:26:19 Asia/Tokyo] デバッグ：クエリ成功。
[27-Jun-2020 22:27:50 Asia/Tokyo] デバッグ：「「「「「「「「「「「「「「「「「「「「「「「「「「「「「「「「「「「「「「
[27-Jun-2020 22:27:50 Asia/Tokyo] デバッグ：「　新規登録ページ　
[27-Jun-2020 22:27:50 Asia/Tokyo] デバッグ：「「「「「「「「「「「「「「「「「「「「「「「「「「「「「「「「「「「「「「
[27-Jun-2020 22:27:50 Asia/Tokyo] デバッグ：>>>>>>>>>>>>>>>>>>>>>>>>>>>>>>>>>>>>>>>>>>>>>>>>> 画面処理開始
[27-Jun-2020 22:27:50 Asia/Tokyo] デバッグ：セッションID:ghbli804siomsnjjjk975p6p87
[27-Jun-2020 22:27:50 Asia/Tokyo] デバッグ：セッション変数の中身：Array
(
    [login_date] => 1593264313
    [login_limit] => 3600
    [user_id] => 10
)

[27-Jun-2020 22:27:50 Asia/Tokyo] デバッグ：現在日時タイムスタンプ：1593264470
[27-Jun-2020 22:27:50 Asia/Tokyo] デバッグ：ログイン期限日時タイムスタンプ：1593267913
[27-Jun-2020 22:27:50 Asia/Tokyo] デバッグ：クエリ成功。
[27-Jun-2020 22:27:50 Asia/Tokyo] デバッグ：クエリに失敗しました
[27-Jun-2020 22:27:50 Asia/Tokyo] デバッグ：失敗したSQL:PDOStatement Object
(
    [queryString] => INSERT INTO users (email,password,login_time,create_date) VALUES(:email,:pass,:login_time,:create_date)
)

[27-Jun-2020 22:27:51 Asia/Tokyo] デバッグ：「「「「「「「「「「「「「「「「「「「「「「「「「「「「「「「「「「「「「「
[27-Jun-2020 22:27:51 Asia/Tokyo] デバッグ：「　新規登録ページ　
[27-Jun-2020 22:27:51 Asia/Tokyo] デバッグ：「「「「「「「「「「「「「「「「「「「「「「「「「「「「「「「「「「「「「「
[27-Jun-2020 22:27:51 Asia/Tokyo] デバッグ：>>>>>>>>>>>>>>>>>>>>>>>>>>>>>>>>>>>>>>>>>>>>>>>>> 画面処理開始
[27-Jun-2020 22:27:51 Asia/Tokyo] デバッグ：セッションID:3ckmpt789mkg3bkqtrp22ek0na
[27-Jun-2020 22:27:51 Asia/Tokyo] デバッグ：セッション変数の中身：Array
(
    [login_date] => 1593264313
    [login_limit] => 3600
    [user_id] => 10
)

[27-Jun-2020 22:27:51 Asia/Tokyo] デバッグ：現在日時タイムスタンプ：1593264471
[27-Jun-2020 22:27:51 Asia/Tokyo] デバッグ：ログイン期限日時タイムスタンプ：1593267913
[27-Jun-2020 22:27:51 Asia/Tokyo] デバッグ：クエリ成功。
[27-Jun-2020 22:27:51 Asia/Tokyo] デバッグ：クエリに失敗しました
[27-Jun-2020 22:27:51 Asia/Tokyo] デバッグ：失敗したSQL:PDOStatement Object
(
    [queryString] => INSERT INTO users (email,password,login_time,create_date) VALUES(:email,:pass,:login_time,:create_date)
)

[27-Jun-2020 22:30:29 Asia/Tokyo] デバッグ：「「「「「「「「「「「「「「「「「「「「「「「「「「「「「「「「「「「「「「
[27-Jun-2020 22:30:29 Asia/Tokyo] デバッグ：「　新規登録ページ　
[27-Jun-2020 22:30:29 Asia/Tokyo] デバッグ：「「「「「「「「「「「「「「「「「「「「「「「「「「「「「「「「「「「「「「
[27-Jun-2020 22:30:29 Asia/Tokyo] デバッグ：>>>>>>>>>>>>>>>>>>>>>>>>>>>>>>>>>>>>>>>>>>>>>>>>> 画面処理開始
[27-Jun-2020 22:30:29 Asia/Tokyo] デバッグ：セッションID:8pirv5meqfhbm7ro4sa2pfosdk
[27-Jun-2020 22:30:29 Asia/Tokyo] デバッグ：セッション変数の中身：Array
(
    [login_date] => 1593264313
    [login_limit] => 3600
    [user_id] => 10
)

[27-Jun-2020 22:30:29 Asia/Tokyo] デバッグ：現在日時タイムスタンプ：1593264629
[27-Jun-2020 22:30:29 Asia/Tokyo] デバッグ：ログイン期限日時タイムスタンプ：1593267913
[27-Jun-2020 22:30:29 Asia/Tokyo] デバッグ：クエリ成功。
[27-Jun-2020 22:30:29 Asia/Tokyo] デバッグ：クエリ成功。
[27-Jun-2020 22:30:29 Asia/Tokyo] デバッグ：セッション変数の中身：Array
(
    [login_date] => 1593264629
    [login_limit] => 3600
    [user_id] => 1
)

[27-Jun-2020 22:30:29 Asia/Tokyo] デバッグ：「「「「「「「「「「「「「「「「「「「「「「
[27-Jun-2020 22:30:29 Asia/Tokyo] デバッグ：「　ログイン　
[27-Jun-2020 22:30:29 Asia/Tokyo] デバッグ：「「「「「「「「「「「「「「「「「「「「「「
[27-Jun-2020 22:30:29 Asia/Tokyo] デバッグ：>>>>>>>>>>>>>>>>>>>>>>>>>>>>>>>>>>>>>>>>>>>>>>>>> 画面処理開始
[27-Jun-2020 22:30:29 Asia/Tokyo] デバッグ：セッションID:ck9uvd3jjat8gi6hgms7ka94j1
[27-Jun-2020 22:30:29 Asia/Tokyo] デバッグ：セッション変数の中身：Array
(
    [login_date] => 1593264629
    [login_limit] => 3600
    [user_id] => 1
)

[27-Jun-2020 22:30:29 Asia/Tokyo] デバッグ：現在日時タイムスタンプ：1593264629
[27-Jun-2020 22:30:29 Asia/Tokyo] デバッグ：ログイン期限日時タイムスタンプ：1593268229
[27-Jun-2020 22:30:29 Asia/Tokyo] デバッグ：ログイン済みです
[27-Jun-2020 22:30:29 Asia/Tokyo] デバッグ：ログイン有効期限以内
[27-Jun-2020 22:30:29 Asia/Tokyo] デバッグ：マイページへ遷移
[27-Jun-2020 22:30:29 Asia/Tokyo] デバッグ：画面表示処理終了　<<<<<<<<<<<<<<<<<<<<<<<<<<<<<<<<<<<<<<<<<<<<<<<<<<<<<<<<<<<<<<<<<<<
[27-Jun-2020 22:30:41 Asia/Tokyo] デバッグ：「「「「「「「「「「「「「「「「「「「「「「「「「「「「「「「「「「「「「「
[27-Jun-2020 22:30:41 Asia/Tokyo] デバッグ：「　新規登録ページ　
[27-Jun-2020 22:30:41 Asia/Tokyo] デバッグ：「「「「「「「「「「「「「「「「「「「「「「「「「「「「「「「「「「「「「「
[27-Jun-2020 22:30:41 Asia/Tokyo] デバッグ：>>>>>>>>>>>>>>>>>>>>>>>>>>>>>>>>>>>>>>>>>>>>>>>>> 画面処理開始
[27-Jun-2020 22:30:41 Asia/Tokyo] デバッグ：セッションID:nppndkl5iui21kchgi14kbq21b
[27-Jun-2020 22:30:41 Asia/Tokyo] デバッグ：セッション変数の中身：Array
(
    [login_date] => 1593264629
    [login_limit] => 3600
    [user_id] => 1
)

[27-Jun-2020 22:30:41 Asia/Tokyo] デバッグ：現在日時タイムスタンプ：1593264641
[27-Jun-2020 22:30:41 Asia/Tokyo] デバッグ：ログイン期限日時タイムスタンプ：1593268229
[27-Jun-2020 22:30:54 Asia/Tokyo] デバッグ：「「「「「「「「「「「「「「「「「「「「「「「「「「「「「「「「「「「「「「
[27-Jun-2020 22:30:54 Asia/Tokyo] デバッグ：「　新規登録ページ　
[27-Jun-2020 22:30:54 Asia/Tokyo] デバッグ：「「「「「「「「「「「「「「「「「「「「「「「「「「「「「「「「「「「「「「
[27-Jun-2020 22:30:54 Asia/Tokyo] デバッグ：>>>>>>>>>>>>>>>>>>>>>>>>>>>>>>>>>>>>>>>>>>>>>>>>> 画面処理開始
[27-Jun-2020 22:30:54 Asia/Tokyo] デバッグ：セッションID:qn6j3q11kinjr8131tg7ut6mqp
[27-Jun-2020 22:30:54 Asia/Tokyo] デバッグ：セッション変数の中身：Array
(
    [login_date] => 1593264629
    [login_limit] => 3600
    [user_id] => 1
)

[27-Jun-2020 22:30:54 Asia/Tokyo] デバッグ：現在日時タイムスタンプ：1593264654
[27-Jun-2020 22:30:54 Asia/Tokyo] デバッグ：ログイン期限日時タイムスタンプ：1593268229
[27-Jun-2020 22:30:54 Asia/Tokyo] デバッグ：クエリ成功。
